<?xml version="1.0" encoding="UTF-8"?>
<!-- Generated by org.testng.reporters.JUnitXMLReporter -->
<testsuite hostname="DESKTOP-4Q04G7J" ignored="0" name="Default test" tests="6" failures="0" timestamp="14 Oct 2022 09:33:31 GMT" time="40.748" errors="0">
  <testcase name="testcase" time="2.162" classname="methods.Testmethods"/>
  <testcase name="testcase2" time="6.264" classname="methods.Testmethods"/>
  <testcase name="testcase3" time="2.05" classname="methods.Testmethods"/>
  <testcase name="testcase4" time="2.746" classname="methods.Testmethods"/>
  <testcase name="testcase5" time="0.458" classname="methods.Testmethods"/>
  <testcase name="testcases6" time="5.886" classname="methods.Testmethods"/>
</testsuite> <!-- Default test -->
